<?xml version="1.0" encoding="UTF-8"?>
<!-- Generated by org.testng.reporters.JUnitReportReporter -->
<testsuite ignored="0" hostname="Krsna-PC" failures="0" tests="1" name="SeleniumPHP.SeleniumPHP.TestNGPHP" time="0.326" errors="0" timestamp="23 Aug 2019 03:47:29 GMT" skipped="0">
  <testcase classname="SeleniumPHP.SeleniumPHP.TestNGPHP" name="Test" time="0.326"/>
</testsuite> <!-- SeleniumPHP.SeleniumPHP.TestNGPHP -->
